Arguments: 
  C:\Program Files\nodejs\node.exe C:\Users\Rakib\AppData\Roaming\npm\node_modules\yarn\bin\yarn.js add jquery-slim.js --save

PATH: 
  C:\WINDOWS\system32;C:\WINDOWS;C:\WINDOWS\System32\Wbem;C:\WINDOWS\System32\WindowsPowerShell\v1.0\;C:\WINDOWS\System32\OpenSSH\;C:\Program Files\Git\cmd;C:\Program Files\Microsoft VS Code\bin;F:\xampp\php;C:\ProgramData\ComposerSetup\bin;C:\Program Files\nodejs\;C:\Users\Rakib\AppData\Local\Programs\Python\Python37\Scripts\;C:\Users\Rakib\AppData\Local\Programs\Python\Python37\;C:\Users\Rakib\AppData\Local\Microsoft\WindowsApps;;C:\Program Files\Microsoft VS Code\bin;C:\Users\Rakib\AppData\Roaming\Composer\vendor\bin;C:\Users\Rakib\AppData\Roaming\npm

Yarn version: 
  1.12.1

Node version: 
  10.11.0

Platform: 
  win32 x64

Trace: 
  Error: https://registry.yarnpkg.com/jquery-slim.js: Not found
      at Request.params.callback [as _callback] (C:\Users\Rakib\AppData\Roaming\npm\node_modules\yarn\lib\cli.js:62126:18)
      at Request.self.callback (C:\Users\Rakib\AppData\Roaming\npm\node_modules\yarn\lib\cli.js:124482:22)
      at Request.emit (events.js:182:13)
      at Request.<anonymous> (C:\Users\Rakib\AppData\Roaming\npm\node_modules\yarn\lib\cli.js:125454:10)
      at Request.emit (events.js:182:13)
      at IncomingMessage.<anonymous> (C:\Users\Rakib\AppData\Roaming\npm\node_modules\yarn\lib\cli.js:125376:12)
      at Object.onceWrapper (events.js:273:13)
      at IncomingMessage.emit (events.js:187:15)
      at endReadableNT (_stream_readable.js:1092:12)
      at process._tickCallback (internal/process/next_tick.js:63:19)

npm manifest: 
  {
    "dependencies": {
      "bootstrap": "^4.1.3"
    }
  }

yarn manifest: 
  No manifest

Lockfile: 
  # THIS IS AN AUTOGENERATED FILE. DO NOT EDIT THIS FILE DIRECTLY.
  # yarn lockfile v1
  
  
  bootstrap@^4.1.3:
    version "4.1.3"
    resolved "https://registry.yarnpkg.com/bootstrap/-/bootstrap-4.1.3.tgz#0eb371af2c8448e8c210411d0cb824a6409a12be"
    integrity sha512-rDFIzgXcof0jDyjNosjv4Sno77X4KuPeFxG2XZZv1/Kc8DRVGVADdoQyyOVDwPqL36DDmtCQbrpMCqvpPLJQ0w==
